# JRE version: OpenJDK Runtime Environment (8.0_171-b11) (build 1.8.0_171-8u171-b11-0ubuntu0.16.04.1-b11)
# Java VM: OpenJDK 64-Bit Server VM (25.171-b11 mixed mode linux-amd64 compressed oops)
Heap:
 def new generation   total 34112K, used 30320K [0x00000000e8000000, 0x00000000ea500000, 0x00000000f0000000)
  eden space 30336K,  95% used [0x00000000e8000000, 0x00000000e9c4c158, 0x00000000e9da0000)
  from space 3776K,  35% used [0x00000000ea150000, 0x00000000ea29fec8, 0x00000000ea500000)
  to   space 3776K,   0% used [0x00000000e9da0000, 0x00000000e9da0000, 0x00000000ea150000)
 tenured generation   total 75612K, used 59972K [0x00000000f0000000, 0x00000000f49d7000, 0x0000000100000000)
   the space 75612K,  79% used [0x00000000f0000000, 0x00000000f3a912e0, 0x00000000f3a91400, 0x00000000f49d7000)
 Metaspace       used 78618K, capacity 83112K, committed 83416K, reserved 1122304K
  class space    used 8519K, capacity 9849K, committed 9944K, reserved 1048576K
GC Heap History (10 events):
Event: 18972,780 GC heap before
{Heap before GC invocations=243 (full 5):
 def new generation   total 34112K, used 31980K [0x00000000e8000000, 0x00000000ea500000, 0x00000000f0000000)
  eden space 30336K, 100% used [0x00000000e8000000, 0x00000000e9da0000, 0x00000000e9da0000)
  from space 3776K,  43% used [0x00000000e9da0000, 0x00000000e9f3b000, 0x00000000ea150000)
  to   space 3776K,   0% used [0x00000000ea150000, 0x00000000ea150000, 0x00000000ea500000)
 tenured generation   total 75612K, used 59722K [0x00000000f0000000, 0x00000000f49d7000, 0x0000000100000000)
   the space 75612K,  78% used [0x00000000f0000000, 0x00000000f3a52b28, 0x00000000f3a52c00, 0x00000000f49d7000)
 Metaspace       used 78559K, capacity 83112K, committed 83416K, reserved 1122304K
  class space    used 8519K, capacity 9849K, committed 9944K, reserved 1048576K
Event: 18972,788 GC heap after
Heap after GC invocations=244 (full 5):
 def new generation   total 34112K, used 1447K [0x00000000e8000000, 0x00000000ea500000, 0x00000000f0000000)
  eden space 30336K,   0% used [0x00000000e8000000, 0x00000000e8000000, 0x00000000e9da0000)
  from space 3776K,  38% used [0x00000000ea150000, 0x00000000ea2b9eb0, 0x00000000ea500000)
  to   space 3776K,   0% used [0x00000000e9da0000, 0x00000000e9da0000, 0x00000000ea150000)
 tenured generation   total 75612K, used 59722K [0x00000000f0000000, 0x00000000f49d7000, 0x0000000100000000)
   the space 75612K,  78% used [0x00000000f0000000, 0x00000000f3a52b28, 0x00000000f3a52c00, 0x00000000f49d7000)
 Metaspace       used 78559K, capacity 83112K, committed 83416K, reserved 1122304K
  class space    used 8519K, capacity 9849K, committed 9944K, reserved 1048576K
}
Event: 19018,601 GC heap before
{Heap before GC invocations=244 (full 5):
 def new generation   total 34112K, used 31783K [0x00000000e8000000, 0x00000000ea500000, 0x00000000f0000000)
  eden space 30336K, 100% used [0x00000000e8000000, 0x00000000e9da0000, 0x00000000e9da0000)
  from space 3776K,  38% used [0x00000000ea150000, 0x00000000ea2b9eb0, 0x00000000ea500000)
  to   space 3776K,   0% used [0x00000000e9da0000, 0x00000000e9da0000, 0x00000000ea150000)
 tenured generation   total 75612K, used 59722K [0x00000000f0000000, 0x00000000f49d7000, 0x0000000100000000)
   the space 75612K,  78% used [0x00000000f0000000, 0x00000000f3a52b28, 0x00000000f3a52c00, 0x00000000f49d7000)
 Metaspace       used 78559K, capacity 83112K, committed 83416K, reserved 1122304K
  class space    used 8519K, capacity 9849K, committed 9944K, reserved 1048576K
Event: 19018,632 GC heap after
Heap after GC invocations=245 (full 5):
 def new generation   total 34112K, used 2090K [0x00000000e8000000, 0x00000000ea500000, 0x00000000f0000000)
  eden space 30336K,   0% used [0x00000000e8000000, 0x00000000e8000000, 0x00000000e9da0000)
  from space 3776K,  55% used [0x00000000e9da0000, 0x00000000e9faa888, 0x00000000ea150000)
  to   space 3776K,   0% used [0x00000000ea150000, 0x00000000ea150000, 0x00000000ea500000)
 tenured generation   total 75612K, used 59722K [0x00000000f0000000, 0x00000000f49d7000, 0x0000000100000000)
   the space 75612K,  78% used [0x00000000f0000000, 0x00000000f3a52b28, 0x00000000f3a52c00, 0x00000000f49d7000)
 Metaspace       used 78559K, capacity 83112K, committed 83416K, reserved 1122304K
  class space    used 8519K, capacity 9849K, committed 9944K, reserved 1048576K
}
Event: 19109,931 GC heap before
{Heap before GC invocations=245 (full 5):
 def new generation   total 34112K, used 32426K [0x00000000e8000000, 0x00000000ea500000, 0x00000000f0000000)
  eden space 30336K, 100% used [0x00000000e8000000, 0x00000000e9da0000, 0x00000000e9da0000)
  from space 3776K,  55% used [0x00000000e9da0000, 0x00000000e9faa888, 0x00000000ea150000)
  to   space 3776K,   0% used [0x00000000ea150000, 0x00000000ea150000, 0x00000000ea500000)
 tenured generation   total 75612K, used 59722K [0x00000000f0000000, 0x00000000f49d7000, 0x0000000100000000)
   the space 75612K,  78% used [0x00000000f0000000, 0x00000000f3a52b28, 0x00000000f3a52c00, 0x00000000f49d7000)
 Metaspace       used 78569K, capacity 83112K, committed 83416K, reserved 1122304K
  class space    used 8519K, capacity 9849K, committed 9944K, reserved 1048576K
Event: 19109,944 GC heap after
Heap after GC invocations=246 (full 5):
 def new generation   total 34112K, used 1051K [0x00000000e8000000, 0x00000000ea500000, 0x00000000f0000000)
  eden space 30336K,   0% used [0x00000000e8000000, 0x00000000e8000000, 0x00000000e9da0000)
  from space 3776K,  27% used [0x00000000ea150000, 0x00000000ea256e18, 0x00000000ea500000)
  to   space 3776K,   0% used [0x00000000e9da0000, 0x00000000e9da0000, 0x00000000ea150000)
 tenured generation   total 75612K, used 59972K [0x00000000f0000000, 0x00000000f49d7000, 0x0000000100000000)
   the space 75612K,  79% used [0x00000000f0000000, 0x00000000f3a912e0, 0x00000000f3a91400, 0x00000000f49d7000)
 Metaspace       used 78569K, capacity 83112K, committed 83416K, reserved 1122304K
  class space    used 8519K, capacity 9849K, committed 9944K, reserved 1048576K
}
Event: 19223,551 GC heap before
{Heap before GC invocations=246 (full 5):
 def new generation   total 34112K, used 31387K [0x00000000e8000000, 0x00000000ea500000, 0x00000000f0000000)
  eden space 30336K, 100% used [0x00000000e8000000, 0x00000000e9da0000, 0x00000000e9da0000)
  from space 3776K,  27% used [0x00000000ea150000, 0x00000000ea256e18, 0x00000000ea500000)
  to   space 3776K,   0% used [0x00000000e9da0000, 0x00000000e9da0000, 0x00000000ea150000)
 tenured generation   total 75612K, used 59972K [0x00000000f0000000, 0x00000000f49d7000, 0x0000000100000000)
   the space 75612K,  79% used [0x00000000f0000000, 0x00000000f3a912e0, 0x00000000f3a91400, 0x00000000f49d7000)
 Metaspace       used 78577K, capacity 83112K, committed 83416K, reserved 1122304K
  class space    used 8519K, capacity 9849K, committed 9944K, reserved 1048576K
Event: 19223,585 GC heap after
Heap after GC invocations=247 (full 5):
 def new generation   total 34112K, used 1869K [0x00000000e8000000, 0x00000000ea500000, 0x00000000f0000000)
  eden space 30336K,   0% used [0x00000000e8000000, 0x00000000e8000000, 0x00000000e9da0000)
  from space 3776K,  49% used [0x00000000e9da0000, 0x00000000e9f734d8, 0x00000000ea150000)
  to   space 3776K,   0% used [0x00000000ea150000, 0x00000000ea150000, 0x00000000ea500000)
 tenured generation   total 75612K, used 59972K [0x00000000f0000000, 0x00000000f49d7000, 0x0000000100000000)
   the space 75612K,  79% used [0x00000000f0000000, 0x00000000f3a912e0, 0x00000000f3a91400, 0x00000000f49d7000)
 Metaspace       used 78577K, capacity 83112K, committed 83416K, reserved 1122304K
  class space    used 8519K, capacity 9849K, committed 9944K, reserved 1048576K
}
Event: 19336,524 GC heap before
{Heap before GC invocations=247 (full 5):
 def new generation   total 34112K, used 32205K [0x00000000e8000000, 0x00000000ea500000, 0x00000000f0000000)
  eden space 30336K, 100% used [0x00000000e8000000, 0x00000000e9da0000, 0x00000000e9da0000)
  from space 3776K,  49% used [0x00000000e9da0000, 0x00000000e9f734d8, 0x00000000ea150000)
  to   space 3776K,   0% used [0x00000000ea150000, 0x00000000ea150000, 0x00000000ea500000)
 tenured generation   total 75612K, used 59972K [0x00000000f0000000, 0x00000000f49d7000, 0x0000000100000000)
   the space 75612K,  79% used [0x00000000f0000000, 0x00000000f3a912e0, 0x00000000f3a91400, 0x00000000f49d7000)
 Metaspace       used 78583K, capacity 83112K, committed 83416K, reserved 1122304K
  class space    used 8519K, capacity 9849K, committed 9944K, reserved 1048576K
Event: 19336,539 GC heap after
Heap after GC invocations=248 (full 5):
 def new generation   total 34112K, used 1343K [0x00000000e8000000, 0x00000000ea500000, 0x00000000f0000000)
  eden space 30336K,   0% used [0x00000000e8000000, 0x00000000e8000000, 0x00000000e9da0000)
  from space 3776K,  35% used [0x00000000ea150000, 0x00000000ea29fec8, 0x00000000ea500000)
  to   space 3776K,   0% used [0x00000000e9da0000, 0x00000000e9da0000, 0x00000000ea150000)
 tenured generation   total 75612K, used 59972K [0x00000000f0000000, 0x00000000f49d7000, 0x0000000100000000)
   the space 75612K,  79% used [0x00000000f0000000, 0x00000000f3a912e0, 0x00000000f3a91400, 0x00000000f49d7000)
 Metaspace       used 78583K, capacity 83112K, committed 83416K, reserved 1122304K
  class space    used 8519K, capacity 9849K, committed 9944K, reserved 1048576K
}

